Start testing: Sep 16 20:06 IST
----------------------------------------------------------
1/5 Testing: result
1/5 Test: result
Command: "/home/prakhark/ULLI beta/ulli-next/qt-ulli/build/tests/test_result"
Directory: /home/prakhark/ULLI beta/ulli-next/qt-ulli/build/tests
"result" start time: Sep 16 20:06 IST
Output:
----------------------------------------------------------
********* Start testing of TestResult *********
Config: Using QtTest library 6.10.2, Qt 6.10.2 (x86_64-little_endian-lp64 shared (dynamic) release build; by GCC 15.2.0), ubuntu 26.04
PASS   : TestResult::initTestCase()
PASS   : TestResult::okHoldsValue()
PASS   : TestResult::errHoldsMessage()
PASS   : TestResult::mapTransformsSuccess()
PASS   : TestResult::mapPreservesError()
PASS   : TestResult::voidOkAndError()
PASS   : TestResult::onErrorCanSwallow()
PASS   : TestResult::cleanupTestCase()
Totals: 8 passed, 0 failed, 0 skipped, 0 blacklisted, 1ms
********* Finished testing of TestResult *********
<end of output>
Test time =   0.00 sec
----------------------------------------------------------
Test Passed.
"result" end time: Sep 16 20:06 IST
"result" time elapsed: 00:00:00
----------------------------------------------------------

2/5 Testing: catalog
2/5 Test: catalog
Command: "/home/prakhark/ULLI beta/ulli-next/qt-ulli/build/tests/test_catalog"
Directory: /home/prakhark/ULLI beta/ulli-next/qt-ulli/build/tests
"catalog" start time: Sep 16 20:06 IST
Output:
----------------------------------------------------------
********* Start testing of TestCatalog *********
Config: Using QtTest library 6.10.2, Qt 6.10.2 (x86_64-little_endian-lp64 shared (dynamic) release build; by GCC 15.2.0), ubuntu 26.04
PASS   : TestCatalog::initTestCase()
WARN: distros.json not found; using built-in catalog
PASS   : TestCatalog::fallbackNotEmpty()
WARN: distros.json not found; using built-in catalog
PASS   : TestCatalog::keysOrdered()
PASS   : TestCatalog::fromDistros()
PASS   : TestCatalog::cleanupTestCase()
Totals: 5 passed, 0 failed, 0 skipped, 0 blacklisted, 1ms
********* Finished testing of TestCatalog *********
<end of output>
Test time =   0.01 sec
----------------------------------------------------------
Test Passed.
"catalog" end time: Sep 16 20:06 IST
"catalog" time elapsed: 00:00:00
----------------------------------------------------------

3/5 Testing: plan
3/5 Test: plan
Command: "/home/prakhark/ULLI beta/ulli-next/qt-ulli/build/tests/test_plan"
Directory: /home/prakhark/ULLI beta/ulli-next/qt-ulli/build/tests
"plan" start time: Sep 16 20:06 IST
Output:
----------------------------------------------------------
********* Start testing of TestPlan *********
Config: Using QtTest library 6.10.2, Qt 6.10.2 (x86_64-little_endian-lp64 shared (dynamic) release build; by GCC 15.2.0), ubuntu 26.04
PASS   : TestPlan::initTestCase()
PASS   : TestPlan::emptyPlanInvalid()
PASS   : TestPlan::minimalValid()
PASS   : TestPlan::tooSmallLinuxInvalid()
PASS   : TestPlan::summaryContainsDistro()
PASS   : TestPlan::shrinkAllRequiresShrinkAmount()
PASS   : TestPlan::cleanupTestCase()
Totals: 7 passed, 0 failed, 0 skipped, 0 blacklisted, 1ms
********* Finished testing of TestPlan *********
<end of output>
Test time =   0.00 sec
----------------------------------------------------------
Test Passed.
"plan" end time: Sep 16 20:06 IST
"plan" time elapsed: 00:00:00
----------------------------------------------------------

4/5 Testing: engine
4/5 Test: engine
Command: "/home/prakhark/ULLI beta/ulli-next/qt-ulli/build/tests/test_engine"
Directory: /home/prakhark/ULLI beta/ulli-next/qt-ulli/build/tests
"engine" start time: Sep 16 20:06 IST
Output:
----------------------------------------------------------
********* Start testing of ulli::core::TestEngine *********
Config: Using QtTest library 6.10.2, Qt 6.10.2 (x86_64-little_endian-lp64 shared (dynamic) release build; by GCC 15.2.0), ubuntu 26.04
PASS   : ulli::core::TestEngine::initTestCase()
QDEBUG : ulli::core::TestEngine::testSuccessfulInstall() Mock called with stage: "preflight" currentExpectation: 0
QDEBUG : ulli::core::TestEngine::testSuccessfulInstall() Expected stage: "preflight" shouldSucceed: true
QDEBUG : ulli::core::TestEngine::testSuccessfulInstall() Mock called with stage: "validate" currentExpectation: 1
QDEBUG : ulli::core::TestEngine::testSuccessfulInstall() Expected stage: "validate" shouldSucceed: true
QDEBUG : ulli::core::TestEngine::testSuccessfulInstall() Mock called with stage: "iso" currentExpectation: 2
QDEBUG : ulli::core::TestEngine::testSuccessfulInstall() Expected stage: "iso" shouldSucceed: true
QDEBUG : ulli::core::TestEngine::testSuccessfulInstall() Mock called with stage: "layout" currentExpectation: 3
QDEBUG : ulli::core::TestEngine::testSuccessfulInstall() Expected stage: "layout" shouldSucceed: true
QDEBUG : ulli::core::TestEngine::testSuccessfulInstall() Mock called with stage: "mount" currentExpectation: 4
QDEBUG : ulli::core::TestEngine::testSuccessfulInstall() Expected stage: "mount" shouldSucceed: true
QDEBUG : ulli::core::TestEngine::testSuccessfulInstall() Mock called with stage: "copy" currentExpectation: 5
QDEBUG : ulli::core::TestEngine::testSuccessfulInstall() Expected stage: "copy" shouldSucceed: true
QDEBUG : ulli::core::TestEngine::testSuccessfulInstall() Mock called with stage: "patch" currentExpectation: 6
QDEBUG : ulli::core::TestEngine::testSuccessfulInstall() Expected stage: "patch" shouldSucceed: true
QDEBUG : ulli::core::TestEngine::testSuccessfulInstall() Mock called with stage: "bootentry" currentExpectation: 7
QDEBUG : ulli::core::TestEngine::testSuccessfulInstall() Expected stage: "bootentry" shouldSucceed: true
QDEBUG : ulli::core::TestEngine::testSuccessfulInstall() Finished args: QList(QVariant(bool, true), QVariant(QString, "Installation completed"), QVariant(bool, false))
PASS   : ulli::core::TestEngine::testSuccessfulInstall()
QDEBUG : ulli::core::TestEngine::testFailurePropagation() Mock called with stage: "preflight" currentExpectation: 0
QDEBUG : ulli::core::TestEngine::testFailurePropagation() Expected stage: "preflight" shouldSucceed: true
QDEBUG : ulli::core::TestEngine::testFailurePropagation() Mock called with stage: "validate" currentExpectation: 1
QDEBUG : ulli::core::TestEngine::testFailurePropagation() Expected stage: "validate" shouldSucceed: true
QDEBUG : ulli::core::TestEngine::testFailurePropagation() Mock called with stage: "iso" currentExpectation: 2
QDEBUG : ulli::core::TestEngine::testFailurePropagation() Expected stage: "iso" shouldSucceed: true
QDEBUG : ulli::core::TestEngine::testFailurePropagation() Mock called with stage: "layout" currentExpectation: 3
QDEBUG : ulli::core::TestEngine::testFailurePropagation() Expected stage: "layout" shouldSucceed: true
QDEBUG : ulli::core::TestEngine::testFailurePropagation() Mock called with stage: "mount" currentExpectation: 4
QDEBUG : ulli::core::TestEngine::testFailurePropagation() Expected stage: "mount" shouldSucceed: true
QDEBUG : ulli::core::TestEngine::testFailurePropagation() Mock called with stage: "copy" currentExpectation: 5
QDEBUG : ulli::core::TestEngine::testFailurePropagation() Expected stage: "copy" shouldSucceed: false
PASS   : ulli::core::TestEngine::testFailurePropagation()
QDEBUG : ulli::core::TestEngine::testCancellation() Mock called with stage: "preflight" currentExpectation: 0
QDEBUG : ulli::core::TestEngine::testCancellation() Expected stage: "preflight" shouldSucceed: true
QDEBUG : ulli::core::TestEngine::testCancellation() Mock called with stage: "validate" currentExpectation: 1
QDEBUG : ulli::core::TestEngine::testCancellation() Expected stage: "validate" shouldSucceed: true
PASS   : ulli::core::TestEngine::testCancellation()
QDEBUG : ulli::core::TestEngine::testWipeDiskStrategy() Mock called with stage: "preflight" currentExpectation: 0
QDEBUG : ulli::core::TestEngine::testWipeDiskStrategy() Expected stage: "preflight" shouldSucceed: true
QDEBUG : ulli::core::TestEngine::testWipeDiskStrategy() Mock called with stage: "validate" currentExpectation: 1
QDEBUG : ulli::core::TestEngine::testWipeDiskStrategy() Expected stage: "validate" shouldSucceed: true
QDEBUG : ulli::core::TestEngine::testWipeDiskStrategy() Mock called with stage: "iso" currentExpectation: 2
QDEBUG : ulli::core::TestEngine::testWipeDiskStrategy() Expected stage: "iso" shouldSucceed: true
QDEBUG : ulli::core::TestEngine::testWipeDiskStrategy() Mock called with stage: "wipe" currentExpectation: 3
QDEBUG : ulli::core::TestEngine::testWipeDiskStrategy() Expected stage: "wipe" shouldSucceed: true
QDEBUG : ulli::core::TestEngine::testWipeDiskStrategy() Mock called with stage: "layout" currentExpectation: 4
QDEBUG : ulli::core::TestEngine::testWipeDiskStrategy() Expected stage: "layout" shouldSucceed: true
QDEBUG : ulli::core::TestEngine::testWipeDiskStrategy() Mock called with stage: "mount" currentExpectation: 5
QDEBUG : ulli::core::TestEngine::testWipeDiskStrategy() Expected stage: "mount" shouldSucceed: true
QDEBUG : ulli::core::TestEngine::testWipeDiskStrategy() Mock called with stage: "copy" currentExpectation: 6
QDEBUG : ulli::core::TestEngine::testWipeDiskStrategy() Expected stage: "copy" shouldSucceed: true
QDEBUG : ulli::core::TestEngine::testWipeDiskStrategy() Mock called with stage: "patch" currentExpectation: 7
QDEBUG : ulli::core::TestEngine::testWipeDiskStrategy() Expected stage: "patch" shouldSucceed: true
QDEBUG : ulli::core::TestEngine::testWipeDiskStrategy() Mock called with stage: "bootentry" currentExpectation: 8
QDEBUG : ulli::core::TestEngine::testWipeDiskStrategy() Expected stage: "bootentry" shouldSucceed: true
PASS   : ulli::core::TestEngine::testWipeDiskStrategy()
QDEBUG : ulli::core::TestEngine::testShrinkAllStrategy() Mock called with stage: "preflight" currentExpectation: 0
QDEBUG : ulli::core::TestEngine::testShrinkAllStrategy() Expected stage: "preflight" shouldSucceed: true
QDEBUG : ulli::core::TestEngine::testShrinkAllStrategy() Mock called with stage: "validate" currentExpectation: 1
QDEBUG : ulli::core::TestEngine::testShrinkAllStrategy() Expected stage: "validate" shouldSucceed: true
QDEBUG : ulli::core::TestEngine::testShrinkAllStrategy() Mock called with stage: "iso" currentExpectation: 2
QDEBUG : ulli::core::TestEngine::testShrinkAllStrategy() Expected stage: "iso" shouldSucceed: true
QDEBUG : ulli::core::TestEngine::testShrinkAllStrategy() Mock called with stage: "resize" currentExpectation: 3
QDEBUG : ulli::core::TestEngine::testShrinkAllStrategy() Expected stage: "resize" shouldSucceed: true
QDEBUG : ulli::core::TestEngine::testShrinkAllStrategy() Mock called with stage: "layout" currentExpectation: 4
QDEBUG : ulli::core::TestEngine::testShrinkAllStrategy() Expected stage: "layout" shouldSucceed: true
QDEBUG : ulli::core::TestEngine::testShrinkAllStrategy() Mock called with stage: "mount" currentExpectation: 5
QDEBUG : ulli::core::TestEngine::testShrinkAllStrategy() Expected stage: "mount" shouldSucceed: true
QDEBUG : ulli::core::TestEngine::testShrinkAllStrategy() Mock called with stage: "copy" currentExpectation: 6
QDEBUG : ulli::core::TestEngine::testShrinkAllStrategy() Expected stage: "copy" shouldSucceed: true
QDEBUG : ulli::core::TestEngine::testShrinkAllStrategy() Mock called with stage: "patch" currentExpectation: 7
QDEBUG : ulli::core::TestEngine::testShrinkAllStrategy() Expected stage: "patch" shouldSucceed: true
QDEBUG : ulli::core::TestEngine::testShrinkAllStrategy() Mock called with stage: "bootentry" currentExpectation: 8
QDEBUG : ulli::core::TestEngine::testShrinkAllStrategy() Expected stage: "bootentry" shouldSucceed: true
PASS   : ulli::core::TestEngine::testShrinkAllStrategy()
PASS   : ulli::core::TestEngine::testInvalidPlanRejected()
QDEBUG : ulli::core::TestEngine::testCancellationDuringLayout() Mock called with stage: "preflight" currentExpectation: 0
QDEBUG : ulli::core::TestEngine::testCancellationDuringLayout() Expected stage: "preflight" shouldSucceed: true
QDEBUG : ulli::core::TestEngine::testCancellationDuringLayout() Mock called with stage: "validate" currentExpectation: 1
QDEBUG : ulli::core::TestEngine::testCancellationDuringLayout() Expected stage: "validate" shouldSucceed: true
QDEBUG : ulli::core::TestEngine::testCancellationDuringLayout() Mock called with stage: "iso" currentExpectation: 2
QDEBUG : ulli::core::TestEngine::testCancellationDuringLayout() Expected stage: "iso" shouldSucceed: true
QDEBUG : ulli::core::TestEngine::testCancellationDuringLayout() Mock called with stage: "layout" currentExpectation: 3
QDEBUG : ulli::core::TestEngine::testCancellationDuringLayout() Expected stage: "layout" shouldSucceed: true
PASS   : ulli::core::TestEngine::testCancellationDuringLayout()
QDEBUG : ulli::core::TestEngine::testLiveOnlyAllocation() Mock called with stage: "preflight" currentExpectation: 0
QDEBUG : ulli::core::TestEngine::testLiveOnlyAllocation() Expected stage: "preflight" shouldSucceed: true
QDEBUG : ulli::core::TestEngine::testLiveOnlyAllocation() Mock called with stage: "validate" currentExpectation: 1
QDEBUG : ulli::core::TestEngine::testLiveOnlyAllocation() Expected stage: "validate" shouldSucceed: true
QDEBUG : ulli::core::TestEngine::testLiveOnlyAllocation() Mock called with stage: "iso" currentExpectation: 2
QDEBUG : ulli::core::TestEngine::testLiveOnlyAllocation() Expected stage: "iso" shouldSucceed: true
QDEBUG : ulli::core::TestEngine::testLiveOnlyAllocation() Mock called with stage: "layout" currentExpectation: 3
QDEBUG : ulli::core::TestEngine::testLiveOnlyAllocation() Expected stage: "layout" shouldSucceed: true
QDEBUG : ulli::core::TestEngine::testLiveOnlyAllocation() Mock called with stage: "mount" currentExpectation: 4
QDEBUG : ulli::core::TestEngine::testLiveOnlyAllocation() Expected stage: "mount" shouldSucceed: true
QDEBUG : ulli::core::TestEngine::testLiveOnlyAllocation() Mock called with stage: "copy" currentExpectation: 5
QDEBUG : ulli::core::TestEngine::testLiveOnlyAllocation() Expected stage: "copy" shouldSucceed: true
QDEBUG : ulli::core::TestEngine::testLiveOnlyAllocation() Mock called with stage: "patch" currentExpectation: 6
QDEBUG : ulli::core::TestEngine::testLiveOnlyAllocation() Expected stage: "patch" shouldSucceed: true
QDEBUG : ulli::core::TestEngine::testLiveOnlyAllocation() Mock called with stage: "bootentry" currentExpectation: 7
QDEBUG : ulli::core::TestEngine::testLiveOnlyAllocation() Expected stage: "bootentry" shouldSucceed: true
PASS   : ulli::core::TestEngine::testLiveOnlyAllocation()
QDEBUG : ulli::core::TestEngine::testFullInstall50GB() Mock called with stage: "preflight" currentExpectation: 0
QDEBUG : ulli::core::TestEngine::testFullInstall50GB() Expected stage: "preflight" shouldSucceed: true
QDEBUG : ulli::core::TestEngine::testFullInstall50GB() Mock called with stage: "validate" currentExpectation: 1
QDEBUG : ulli::core::TestEngine::testFullInstall50GB() Expected stage: "validate" shouldSucceed: true
QDEBUG : ulli::core::TestEngine::testFullInstall50GB() Mock called with stage: "iso" currentExpectation: 2
QDEBUG : ulli::core::TestEngine::testFullInstall50GB() Expected stage: "iso" shouldSucceed: true
QDEBUG : ulli::core::TestEngine::testFullInstall50GB() Mock called with stage: "layout" currentExpectation: 3
QDEBUG : ulli::core::TestEngine::testFullInstall50GB() Expected stage: "layout" shouldSucceed: true
QDEBUG : ulli::core::TestEngine::testFullInstall50GB() Mock called with stage: "mount" currentExpectation: 4
QDEBUG : ulli::core::TestEngine::testFullInstall50GB() Expected stage: "mount" shouldSucceed: true
QDEBUG : ulli::core::TestEngine::testFullInstall50GB() Mock called with stage: "copy" currentExpectation: 5
QDEBUG : ulli::core::TestEngine::testFullInstall50GB() Expected stage: "copy" shouldSucceed: true
QDEBUG : ulli::core::TestEngine::testFullInstall50GB() Mock called with stage: "patch" currentExpectation: 6
QDEBUG : ulli::core::TestEngine::testFullInstall50GB() Expected stage: "patch" shouldSucceed: true
QDEBUG : ulli::core::TestEngine::testFullInstall50GB() Mock called with stage: "bootentry" currentExpectation: 7
QDEBUG : ulli::core::TestEngine::testFullInstall50GB() Expected stage: "bootentry" shouldSucceed: true
PASS   : ulli::core::TestEngine::testFullInstall50GB()
QDEBUG : ulli::core::TestEngine::testLayoutFailure() Mock called with stage: "preflight" currentExpectation: 0
QDEBUG : ulli::core::TestEngine::testLayoutFailure() Expected stage: "preflight" shouldSucceed: true
QDEBUG : ulli::core::TestEngine::testLayoutFailure() Mock called with stage: "validate" currentExpectation: 1
QDEBUG : ulli::core::TestEngine::testLayoutFailure() Expected stage: "validate" shouldSucceed: true
QDEBUG : ulli::core::TestEngine::testLayoutFailure() Mock called with stage: "iso" currentExpectation: 2
QDEBUG : ulli::core::TestEngine::testLayoutFailure() Expected stage: "iso" shouldSucceed: true
QDEBUG : ulli::core::TestEngine::testLayoutFailure() Mock called with stage: "layout" currentExpectation: 3
QDEBUG : ulli::core::TestEngine::testLayoutFailure() Expected stage: "layout" shouldSucceed: false
PASS   : ulli::core::TestEngine::testLayoutFailure()
PASS   : ulli::core::TestEngine::cleanupTestCase()
Totals: 12 passed, 0 failed, 0 skipped, 0 blacklisted, 37308ms
********* Finished testing of ulli::core::TestEngine *********
<end of output>
Test time =  37.31 sec
----------------------------------------------------------
Test Passed.
"engine" end time: Sep 16 20:07 IST
"engine" time elapsed: 00:00:37
----------------------------------------------------------

5/5 Testing: allocation
5/5 Test: allocation
Command: "/home/prakhark/ULLI beta/ulli-next/qt-ulli/build/tests/test_allocation"
Directory: /home/prakhark/ULLI beta/ulli-next/qt-ulli/build/tests
"allocation" start time: Sep 16 20:07 IST
Output:
----------------------------------------------------------
********* Start testing of TestAllocation *********
Config: Using QtTest library 6.10.2, Qt 6.10.2 (x86_64-little_endian-lp64 shared (dynamic) release build; by GCC 15.2.0), ubuntu 26.04
PASS   : TestAllocation::initTestCase()
PASS   : TestAllocation::liveOnlyDefaultIsSevenGB()
PASS   : TestAllocation::liveOnlyBelowSevenGBInvalid()
PASS   : TestAllocation::fullInstallBelow30GBInvalid()
PASS   : TestAllocation::fullInstallExactly30GBValid()
PASS   : TestAllocation::fullInstallAbove30GBValid()
PASS   : TestAllocation::allocationCalculation()
PASS   : TestAllocation::zeroRequestInvalid()
PASS   : TestAllocation::shrinkAllRequiresShrinkDriveLetter()
PASS   : TestAllocation::shrinkAllShrinkAmountMustEqualLinuxSize()
PASS   : TestAllocation::liveOnlyShrinkAmountMustEqualLinuxSize()
PASS   : TestAllocation::useFreeBootRequiresShrinkAmount()
PASS   : TestAllocation::otherDriveShrinkRequiresShrinkAmount()
PASS   : TestAllocation::wipeDiskDoesNotRequireShrinkAmount()
PASS   : TestAllocation::useFreeAllDoesNotRequireShrinkAmount()
PASS   : TestAllocation::bootSizeMustBeAtLeast1GB()
PASS   : TestAllocation::liveOnlyAllocationSemantics()
PASS   : TestAllocation::fullInstall30GBAllocation()
PASS   : TestAllocation::fullInstall50GBAllocation()
PASS   : TestAllocation::fullInstallMinimumBoundary()
PASS   : TestAllocation::invalidStagingSize()
PASS   : TestAllocation::liveOnlyInvalidStagingSize()
PASS   : TestAllocation::shrinkAllShrinkAmountMismatch()
PASS   : TestAllocation::liveOnlyShrinkAmountMatches()
PASS   : TestAllocation::liveOnlyShrinkAmountMismatch()
PASS   : TestAllocation::cleanupTestCase()
Totals: 26 passed, 0 failed, 0 skipped, 0 blacklisted, 0ms
********* Finished testing of TestAllocation *********
<end of output>
Test time =   0.00 sec
----------------------------------------------------------
Test Passed.
"allocation" end time: Sep 16 20:07 IST
"allocation" time elapsed: 00:00:00
----------------------------------------------------------

End testing: Sep 16 20:07 IST
